[14:01:43] [Server thread/INFO]: Starting minecraft server version 1.7.9
[14:01:43] [Server thread/WARN]: To start the server with more ram, launch it as "java -Xmx1024M -Xms1024M -jar minecraft_server.jar"
[14:01:43] [Server thread/INFO]: Loading properties
[14:01:43] [Server thread/INFO]: Default game type: CREATIVE
[14:01:43] [Server thread/INFO]: Generating keypair
[14:01:44] [Server thread/INFO]: Starting Minecraft server on *:25565
[14:01:45] [Server thread/INFO]: This server is running CraftBukkit version git-Bukkit-1.7.9-R0.1-10-g8688bd4-b3092jnks (MC: 1.7.9) (Implementing API version 1.7.9-R0.2)
[14:01:45] [Thread-7/WARN]: Could not get information about this CraftBukkit version; perhaps you are running a custom one?: IOException
[14:01:45] [Thread-7/WARN]: Could not get latest artifact information: IOException
[14:01:45] [Server thread/INFO]: Preparing level "world"
[14:01:48] [Server thread/INFO]: Preparing start region for level 0 (Seed: -8975742454855009642)
[14:01:49] [Server thread/INFO]: Preparing spawn area: 50%
[14:01:50] [Server thread/INFO]: Preparing start region for level 1 (Seed: -8287658527822503945)
[14:01:51] [Server thread/INFO]: Preparing spawn area: 20%
[14:01:52] [Server thread/INFO]: Preparing spawn area: 39%
[14:01:53] [Server thread/INFO]: Preparing spawn area: 80%
[14:01:53] [Server thread/INFO]: Preparing start region for level 2 (Seed: -8287658527822503945)
[14:01:54] [Server thread/INFO]: Server permissions file permissions.yml is empty, ignoring it
[14:01:54] [Server thread/INFO]: Done (9.051s)! For help, type "help" or "?"
[14:02:05] [User Authenticator #1/INFO]: UUID of player 1312589 is f8f894e6-5ce7-4f59-bbc4-93f8441e14a9
[14:02:05] [Server thread/INFO]: 1312589[/127.0.0.1:51911] logged in with entity id 35 at ([world] 909.5, 4.0, 418.5)
[14:02:21] [Server thread/INFO]: 1312589 has just earned the achievement [Taking Inventory]
[14:06:57] [Server thread/WARN]: Can't keep up! Did the system time change, or is the server overloaded? Running 2398ms behind, skipping 47 tick(s)
[14:33:49] [Server thread/INFO]: 1312589 issued server command: /time set 0
[14:33:49] [Server thread/INFO]: 1312589: Set time to 0[m
[14:33:58] [Server thread/INFO]: 1312589 issued server command: /gamerule keepInventory true
[14:33:58] [Server thread/INFO]: 1312589: Game rule keepInventory has been set to: true[m
[14:34:06] [Server thread/INFO]: CONSOLE: Stopping the server..[m
[14:34:06] [Server thread/INFO]: Stopping server
[14:34:06] [Server thread/INFO]: Saving players
[14:34:06] [Server thread/INFO]: 1312589 lost connection: Server closed
[14:34:06] [Server thread/INFO]: 1312589 left the game.
[14:34:06] [Server thread/INFO]: Saving worlds
[14:34:06] [Server thread/INFO]: Saving chunks for level 'world'/Overworld
[14:34:06] [Server thread/INFO]: Saving chunks for level 'world_nether'/Nether
[14:34:06] [Server thread/INFO]: Saving chunks for level 'world_the_end'/The End
